000000000000037c r __abi_tag
0000000000002120 t addFlagsFromEnvVar
00000000000151a0 t add_pair_to_block
0000000000004160 t applySavedMetaInfoToOutputFile
000000000001bde8 b blockSize100k
000000000000d1a0 t bsFinishWrite
0000000000008950 t bsPutUChar
0000000000008980 t bsPutUInt32
000000000001bdd0 B __bss_start
0000000000008a10 t bsW
0000000000004d40 T BZ2_blockSort
0000000000008660 t BZ2_bsInitWrite
0000000000011850 T BZ2_bz__AssertH__fail
0000000000011d30 t BZ2_bzCompress
0000000000012140 t BZ2_bzCompressEnd
00000000000118d0 t BZ2_bzCompressInit
0000000000012450 t BZ2_bzDecompress
0000000000013c00 t BZ2_bzDecompressEnd
0000000000012240 t BZ2_bzDecompressInit
00000000000118c0 T BZ2_bzlibVersion
0000000000014890 T BZ2_bzRead
00000000000147c0 T BZ2_bzReadClose
0000000000014c30 T BZ2_bzReadGetUnused
0000000000014510 T BZ2_bzReadOpen
0000000000013f60 T BZ2_bzWrite
00000000000141d0 T BZ2_bzWriteClose64
0000000000013d10 T BZ2_bzWriteOpen
0000000000008690 T BZ2_compressBlock
000000000001b1d0 D BZ2_crc32Table
000000000000d280 T BZ2_decompress
00000000000083e0 T BZ2_hbAssignCodes
0000000000008470 T BZ2_hbCreateDecodeTables
0000000000007dc0 T BZ2_hbMakeCodeLengths
00000000000123f0 T BZ2_indexIntoF
000000000001b5d0 D BZ2_rNums
0000000000011c20 t bz_config_ok
0000000000003a50 t cadvise
                 U chmod@GLIBC_2.2.5
                 U chown@GLIBC_2.2.5
0000000000003880 t cleanUpAndFail
                 U close@GLIBC_2.2.5
000000000001bdd0 b completed.0
0000000000002450 t compress
00000000000049f0 t compressedStreamEOF
0000000000003da0 t compressStream
0000000000004440 t configError
0000000000003b70 t containsDubiousChars
00000000000020a0 t copyFileName
0000000000014e00 t copy_input_until_stop
0000000000014d40 t copy_output_until_stop
0000000000003ca0 t countHardLinks
00000000000049b0 t crcError
                 U __ctype_b_loc@GLIBC_2.3
                 w __cxa_finalize@GLIBC_2.2.5
000000000001b140 D __data_start
000000000001b140 W data_start
0000000000011c30 t default_bzalloc
0000000000011c60 t default_bzfree
000000000001bdfc b deleteOutputOnInterrupt
00000000000012c0 t deregister_tm_clones
0000000000001330 t __do_global_dtors_aux
000000000001add8 d __do_global_dtors_aux_fini_array_entry
000000000001b148 D __dso_handle
000000000001ade0 d _DYNAMIC
000000000001bdd0 D _edata
000000000001cf00 B _end
                 U __errno_location@GLIBC_2.2.5
                 U exit@GLIBC_2.2.5
000000000001be00 b exitValue
0000000000006340 t fallbackQSort3
0000000000006870 t fallbackSimpleSort
0000000000004f70 t fallbackSort
                 U fclose@GLIBC_2.2.5
                 U fdopen@GLIBC_2.2.5
                 U ferror@GLIBC_2.2.5
                 U fflush@GLIBC_2.2.5
                 U fgetc@GLIBC_2.2.5
0000000000003b80 t fileExists
000000000001ce70 b fileMetaInfo
                 U fileno@GLIBC_2.2.5
00000000000153f4 T _fini
0000000000015160 t flush_RL
                 U fopen@GLIBC_2.2.5
0000000000001380 t fopen_output_safely
000000000001bde2 b forceOverwrite
                 U fprintf@GLIBC_2.2.5
0000000000001370 t frame_dummy
000000000001add0 d __frame_dummy_init_array_entry
00000000000193f4 r __FRAME_END__
                 U fread@GLIBC_2.2.5
                 U free@GLIBC_2.2.5
                 U fwrite@GLIBC_2.2.5
0000000000008ac0 t generateMTFValues
                 U getenv@GLIBC_2.2.5
000000000001b000 d _GLOBAL_OFFSET_TABLE_
                 w __gmon_start__
0000000000018480 r __GNU_EH_FRAME_HDR
0000000000011f70 t handle_compress
0000000000003bd0 t hasSuffix
000000000001b190 d incs
0000000000001000 T _init
0000000000011c90 t init_RL
000000000001be10 b inName
00000000000041e0 t ioError
0000000000016000 R _IO_stdin_used
                 U isatty@GLIBC_2.2.5
0000000000012110 t isempty_RL
                 w _ITM_deregisterTMCloneTable
                 w _ITM_registerTMCloneTable
000000000001bde1 b keepInputFiles
                 U __libc_start_main@GLIBC_2.34
0000000000002350 t license
000000000001ca48 b longestFileName
                 U lstat@GLIBC_2.33
00000000000013f0 T main
00000000000074c0 t mainGtU
0000000000006a10 t mainQSort3
00000000000071c0 t mainSimpleSort
00000000000057e0 t mainSort
00000000000117d0 t makeMaps_d
000000000000d210 t makeMaps_e
                 U malloc@GLIBC_2.2.5
0000000000004540 t mapSuffix
0000000000003a80 t mkCell
0000000000007460 t mmed3
0000000000004220 t myfeof
0000000000014bf0 t myfeof_
0000000000003ac0 t myMalloc
0000000000002410 t mySignalCatcher
0000000000002020 t mySIGSEGVorSIGBUScatcher
000000000001bde3 b noisy
0000000000003c40 t notAStandardFile
000000000001bdf0 b numFileNames
000000000001bdf4 b numFilesProcessed
                 U open@GLIBC_2.2.5
000000000001ca50 b opMode
000000000001c220 b outName
0000000000003af0 t outOfMemory
000000000001bdd8 b outputHandleJustInCase
0000000000003d20 t pad
0000000000003b30 t panic
                 U perror@GLIBC_2.2.5
0000000000011cb0 t prepare_new_block
000000000001ca40 b progName
000000000001c630 b progNameReally
00000000000023d0 t redundant
00000000000012f0 t register_tm_clones
                 U remove@GLIBC_2.2.5
                 U rewind@GLIBC_2.2.5
0000000000003cf0 t saveInputFileMetaInfo
0000000000008f50 t sendMTFValues
0000000000003460 t setExit
0000000000003840 t showFileNames
                 U signal@GLIBC_2.2.5
000000000001bde0 b smallMode
00000000000022a0 t snocString
000000000001ca4c b srcMode
0000000000001290 T _start
                 U stat@GLIBC_2.33
                 U stderr@GLIBC_2.2.5
                 U stdin@GLIBC_2.2.5
                 U stdout@GLIBC_2.2.5
                 U strcat@GLIBC_2.2.5
                 U strcmp@GLIBC_2.2.5
                 U strcpy@GLIBC_2.2.5
                 U strerror@GLIBC_2.2.5
                 U strlen@GLIBC_2.2.5
                 U strncmp@GLIBC_2.2.5
                 U strncpy@GLIBC_2.2.5
                 U strstr@GLIBC_2.2.5
0000000000003480 t testf
000000000001bdec b testFailsExist
0000000000004a40 t testStream
000000000001bdd0 D __TMC_END__
000000000001ca60 b tmpName
0000000000004260 t uInt64_from_UInt32s
00000000000044f0 t uInt64_isZero
0000000000004480 t uInt64_qrm10
0000000000004390 t uInt64_toAscii
0000000000004310 t uInt64_to_double
0000000000002c20 t uncompress
00000000000045c0 t uncompressStream
                 U ungetc@GLIBC_2.2.5
0000000000013280 t unRLE_obuf_to_output_FAST
00000000000126c0 t unRLE_obuf_to_output_SMALL
000000000001bded b unzFailsExist
000000000001b170 d unzSuffix
0000000000002390 t usage
                 U utime@GLIBC_2.2.5
000000000001bde4 b verbosity
000000000001bdf8 b workFactor
000000000001b150 d zSuffix
