00000000000002c4 r __abi_tag
                 U abort
000000000000a140 t atexit
000000000000e4a8 B blockSize100k
000000000000a210 T BZ2_blockSort
000000000000a3e0 T BZ2_bsInitWrite
000000000000a4f0 T BZ2_bz__AssertH__fail
000000000000ab60 T BZ2_bzBuffToBuffCompress
000000000000abe0 T BZ2_bzBuffToBuffDecompress
000000000000ae10 T BZ2_bzclose
000000000000a5f0 T BZ2_bzCompress
000000000000a640 T BZ2_bzCompressEnd
000000000000a580 T BZ2_bzCompressInit
000000000000a740 T BZ2_bzDecompress
000000000000a790 T BZ2_bzDecompressEnd
000000000000a690 T BZ2_bzDecompressInit
000000000000acb0 T BZ2_bzdopen
000000000000ae60 T BZ2_bzerror
000000000000adc0 T BZ2_bzflush
000000000000a540 T BZ2_bzlibVersion
000000000000ac60 T BZ2_bzopen
000000000000ad00 T BZ2_bzread
000000000000aa80 T BZ2_bzRead
000000000000aa30 T BZ2_bzReadClose
000000000000aaf0 T BZ2_bzReadGetUnused
000000000000a9b0 T BZ2_bzReadOpen
000000000000ad60 T BZ2_bzwrite
000000000000a850 T BZ2_bzWrite
000000000000a8c0 T BZ2_bzWriteClose
000000000000a930 T BZ2_bzWriteClose64
000000000000a7e0 T BZ2_bzWriteOpen
000000000000a430 T BZ2_compressBlock
000000000000d4e0 D BZ2_crc32Table
000000000000a490 T BZ2_decompress
000000000000a2e0 T BZ2_hbAssignCodes
000000000000a350 T BZ2_hbCreateDecodeTables
000000000000a270 T BZ2_hbMakeCodeLengths
000000000000a6f0 T BZ2_indexIntoF
000000000000d8e0 D BZ2_rNums
000000000000e0e0 D bzerrorstrings_autojit_module_a67b8472f07710730b1a65a68ac67bd7
0000000000007a20 t call_wrapper_function
0000000000007e20 t checkenv
0000000000006ac0 T check_range_min_max
0000000000009c40 t clean_shutdown
0000000000007ed0 t cleanup_daemon
                 U close
000000000000e300 b completed.0
                 U connect
                 U __ctype_tolower_loc
                 U __cxa_atexit
                 w __cxa_finalize
000000000000d430 D __data_start
000000000000d430 W data_start
000000000000e4bc B deleteOutputOnInterrupt
                 U __deregister_frame
0000000000006a00 t deregister_tm_clones
                 U dlerror
                 U dlopen
                 U dlsym
0000000000006a70 t __do_global_dtors_aux
000000000000c200 d __do_global_dtors_aux_fini_array_entry
000000000000d438 d __dso_handle
                 U dup2
000000000000c240 d _DYNAMIC
                 U __errno_location
                 U execlp
                 U _exit
000000000000e4c0 B exitValue
                 U fflush
000000000000f530 B fileMetaInfo_autojit_module_2d1387ca92e7b83c7aa238c36b76c79a
000000000000aedc t _fini
000000000000a160 T fopen_output_safely
000000000000e4a2 B forceOverwrite
                 U fork
                 U fprintf
                 U fputc
0000000000006ab0 t frame_dummy
000000000000c238 d __frame_dummy_init_array_entry
0000000000004c40 r __FRAME_END__
                 U free
0000000000008610 t free_epc_message
                 U fwrite
000000000000d444 d g_daemon_child_pid
000000000000d440 d g_daemon_fd
000000000000e434 b g_dylib_mgr_instance
                 U getc
000000000000e330 b get_daemon_socket_path.socket_path
                 U getenv
                 U getuid
000000000000e318 b g_init_once
000000000000e448 b g_io_mutex
000000000000e160 d _GLOBAL_OFFSET_TABLE_
000000000000a260 t _GLOBAL__sub_I_blocksort.c_llvm_autojit_init
000000000000a200 t _GLOBAL__sub_I_bzip2.c_llvm_autojit_init
000000000000aeb0 t _GLOBAL__sub_I_bzlib.c_llvm_autojit_init
000000000000a480 t _GLOBAL__sub_I_compress.c_llvm_autojit_init
000000000000a4e0 t _GLOBAL__sub_I_decompress.c_llvm_autojit_init
000000000000a3d0 t _GLOBAL__sub_I_huffman.c_llvm_autojit_init
000000000000e328 b g_materialize_fn_addr
000000000000e438 b g_mem_mgr_instance
                 w __gmon_start__
000000000000e440 b g_next_seqno
000000000000e320 b g_register_fn_addr
000000000000d4a0 D incs_autojit_module_2868f90adcbf0268b9c7bff1285a8ae9
000000000000aec0 t _init
0000000000006c80 t initialize_daemon
000000000000e4d0 B inName
0000000000002550 R _IO_stdin_used
                 w _ITM_deregisterTMCloneTable
                 w _ITM_registerTMCloneTable
000000000000d448 D __jit_debug_descriptor
000000000000e470 b jit_debug_lock
0000000000009fd0 T __jit_debug_register_code
000000000000e4a1 B keepInputFiles
                 U kill
                 U __libc_start_main
000000000000e310 B __llvm_autojit_debug
000000000000e314 B __llvm_autojit_debug_register
0000000000007c00 T __llvm_autojit_materialize
000000000000f5d0 b __llvm_autojit_ptr_BZ2_blockSort
000000000000f5f0 b __llvm_autojit_ptr_BZ2_bsInitWrite
000000000000f608 b __llvm_autojit_ptr_BZ2_bz__AssertH__fail
000000000000f690 b __llvm_autojit_ptr_BZ2_bzBuffToBuffCompress
000000000000f698 b __llvm_autojit_ptr_BZ2_bzBuffToBuffDecompress
000000000000f6c8 b __llvm_autojit_ptr_BZ2_bzclose
000000000000f620 b __llvm_autojit_ptr_BZ2_bzCompress
000000000000f628 b __llvm_autojit_ptr_BZ2_bzCompressEnd
000000000000f618 b __llvm_autojit_ptr_BZ2_bzCompressInit
000000000000f640 b __llvm_autojit_ptr_BZ2_bzDecompress
000000000000f648 b __llvm_autojit_ptr_BZ2_bzDecompressEnd
000000000000f630 b __llvm_autojit_ptr_BZ2_bzDecompressInit
000000000000f6a8 b __llvm_autojit_ptr_BZ2_bzdopen
000000000000f6d0 b __llvm_autojit_ptr_BZ2_bzerror
000000000000f6c0 b __llvm_autojit_ptr_BZ2_bzflush
000000000000f610 b __llvm_autojit_ptr_BZ2_bzlibVersion
000000000000f6a0 b __llvm_autojit_ptr_BZ2_bzopen
000000000000f6b0 b __llvm_autojit_ptr_BZ2_bzread
000000000000f680 b __llvm_autojit_ptr_BZ2_bzRead
000000000000f678 b __llvm_autojit_ptr_BZ2_bzReadClose
000000000000f688 b __llvm_autojit_ptr_BZ2_bzReadGetUnused
000000000000f670 b __llvm_autojit_ptr_BZ2_bzReadOpen
000000000000f6b8 b __llvm_autojit_ptr_BZ2_bzwrite
000000000000f658 b __llvm_autojit_ptr_BZ2_bzWrite
000000000000f660 b __llvm_autojit_ptr_BZ2_bzWriteClose
000000000000f668 b __llvm_autojit_ptr_BZ2_bzWriteClose64
000000000000f650 b __llvm_autojit_ptr_BZ2_bzWriteOpen
000000000000f5f8 b __llvm_autojit_ptr_BZ2_compressBlock
000000000000f600 b __llvm_autojit_ptr_BZ2_decompress
000000000000f5e0 b __llvm_autojit_ptr_BZ2_hbAssignCodes
000000000000f5e8 b __llvm_autojit_ptr_BZ2_hbCreateDecodeTables
000000000000f5d8 b __llvm_autojit_ptr_BZ2_hbMakeCodeLengths
000000000000f638 b __llvm_autojit_ptr_BZ2_indexIntoF
000000000000f5c0 b __llvm_autojit_ptr_fopen_output_safely
000000000000f5c8 b __llvm_autojit_ptr_main
0000000000006ae0 T __llvm_autojit_register
0000000000009a30 t llvm_orc_deregisterEHFrameAllocAction
0000000000009930 t llvm_orc_registerEHFrameAllocAction
000000000000a130 T llvm_orc_registerJITLoaderGDBAllocAction
0000000000009fe0 T llvm_orc_registerJITLoaderGDBWrapper
000000000000f108 B longestFileName
000000000000a1b0 T main
                 U malloc
                 U memcpy
                 U memset
00000000000080b0 t message_loop_until
                 U mmap
                 U mprotect
000000000000e4a3 B noisy
000000000000e4b0 B numFileNames
000000000000e4b4 B numFilesProcessed
000000000000f110 B opMode
000000000000e430 b __orc_rt_jit_dispatch_ctx_impl
0000000000008630 t __orc_rt_jit_dispatch_impl
000000000000e8e0 B outName
000000000000e498 B outputHandleJustInCase
                 U perror
                 U printf
000000000000f100 B progName
000000000000ecf0 B progNameReally
                 U pthread_mutex_lock
                 U pthread_mutex_unlock
                 U pthread_once
                 U read
                 U realloc
                 U __register_frame
0000000000006a30 t register_tm_clones
0000000000009b30 t send_epc_message
000000000000e4a0 B smallMode
                 U snprintf
                 U socket
                 U socketpair
0000000000009d30 T sps_buffer_free
0000000000009d00 T sps_buffer_grow
0000000000009cd0 T sps_buffer_init
0000000000009f20 T sps_read_string
0000000000009ed0 T sps_read_uint64
0000000000009e80 T sps_write_skip
0000000000009df0 T sps_write_string
0000000000009da0 T sps_write_uint64
0000000000009d50 T sps_write_uint8
000000000000f10c B srcMode
00000000000069d0 T _start
                 U stderr
                 U stdin
                 U stdout
                 U strcmp
                 U strerror
                 U strlen
                 U strncpy
0000000000008c60 t stub_dylib_lookup_wrapper
0000000000008a70 t stub_dylib_open_wrapper
0000000000009780 t stub_mem_deallocate_wrapper
0000000000009030 t stub_mem_finalize_wrapper
0000000000008ea0 t stub_mem_reserve_wrapper
0000000000008900 t stub_mem_write_buffers_wrapper
00000000000089c0 t stub_mem_write_pointers_wrapper
0000000000008710 t stub_mem_write_uint16s_wrapper
00000000000087b0 t stub_mem_write_uint32s_wrapper
0000000000008850 t stub_mem_write_uint64s_wrapper
0000000000008670 t stub_mem_write_uint8s_wrapper
                 U sysconf
000000000000e4ac B testFailsExist
000000000000e160 d __TMC_END__
000000000000e160 d __TMC_LIST__
000000000000f120 B tmpName
000000000000e4ad B unzFailsExist
000000000000d480 D unzSuffix
                 U usleep
000000000000e4a4 B verbosity
                 U waitpid
000000000000e4b8 B workFactor
                 U write
000000000000d460 D zSuffix
