000000000001bdd0 B __bss_start
................ T BZ2_blockSort
................ T BZ2_bz__AssertH__fail
................ T BZ2_bzlibVersion
................ T BZ2_bzRead
................ T BZ2_bzReadClose
................ T BZ2_bzReadGetUnused
................ T BZ2_bzReadOpen
................ T BZ2_bzWrite
................ T BZ2_bzWriteClose64
................ T BZ2_bzWriteOpen
................ T BZ2_compressBlock
................ D BZ2_crc32Table
................ T BZ2_decompress
................ T BZ2_hbAssignCodes
................ T BZ2_hbCreateDecodeTables
................ T BZ2_hbMakeCodeLengths
................ T BZ2_indexIntoF
................ D BZ2_rNums
                 U chmod@GLIBC_2.2.5
                 U chown@GLIBC_2.2.5
                 U close@GLIBC_2.2.5
                 U __ctype_b_loc@GLIBC_2.3
................ D __data_start
................ W data_start
................ D __dso_handle
................ D _edata
................ B _end
                 U __errno_location@GLIBC_2.2.5
                 U exit@GLIBC_2.2.5
                 U fclose@GLIBC_2.2.5
                 U fdopen@GLIBC_2.2.5
                 U ferror@GLIBC_2.2.5
                 U fflush@GLIBC_2.2.5
                 U fgetc@GLIBC_2.2.5
                 U fileno@GLIBC_2.2.5
................ T _fini
                 U fopen@GLIBC_2.2.5
                 U fprintf@GLIBC_2.2.5
                 U fread@GLIBC_2.2.5
                 U free@GLIBC_2.2.5
                 U fwrite@GLIBC_2.2.5
                 U getenv@GLIBC_2.2.5
................ T _init
................ R _IO_stdin_used
                 U isatty@GLIBC_2.2.5
                 U __libc_start_main@GLIBC_2.34
                 U lstat@GLIBC_2.33
................ T main
                 U malloc@GLIBC_2.2.5
                 U open@GLIBC_2.2.5
                 U perror@GLIBC_2.2.5
                 U remove@GLIBC_2.2.5
                 U rewind@GLIBC_2.2.5
                 U signal@GLIBC_2.2.5
................ T _start
                 U stat@GLIBC_2.33
                 U stderr@GLIBC_2.2.5
                 U stdin@GLIBC_2.2.5
                 U stdout@GLIBC_2.2.5
                 U strcat@GLIBC_2.2.5
                 U strcmp@GLIBC_2.2.5
                 U strcpy@GLIBC_2.2.5
                 U strerror@GLIBC_2.2.5
                 U strlen@GLIBC_2.2.5
                 U strncmp@GLIBC_2.2.5
                 U strncpy@GLIBC_2.2.5
                 U strstr@GLIBC_2.2.5
................ D __TMC_END__
                 U ungetc@GLIBC_2.2.5
                 U utime@GLIBC_2.2.5
