                 U abort
................ B blockSize100k
................ T BZ2_blockSort
................ T BZ2_bsInitWrite
................ T BZ2_bz__AssertH__fail
................ T BZ2_bzBuffToBuffCompress
................ T BZ2_bzBuffToBuffDecompress
................ T BZ2_bzclose
................ T BZ2_bzCompress
................ T BZ2_bzCompressEnd
................ T BZ2_bzCompressInit
................ T BZ2_bzDecompress
................ T BZ2_bzDecompressEnd
................ T BZ2_bzDecompressInit
................ T BZ2_bzdopen
................ T BZ2_bzerror
................ T BZ2_bzflush
................ T BZ2_bzlibVersion
................ T BZ2_bzopen
................ T BZ2_bzread
................ T BZ2_bzRead
................ T BZ2_bzReadClose
................ T BZ2_bzReadGetUnused
................ T BZ2_bzReadOpen
................ T BZ2_bzwrite
................ T BZ2_bzWrite
................ T BZ2_bzWriteClose
................ T BZ2_bzWriteClose64
................ T BZ2_bzWriteOpen
................ T BZ2_compressBlock
................ D BZ2_crc32Table
................ T BZ2_decompress
................ T BZ2_hbAssignCodes
................ T BZ2_hbCreateDecodeTables
................ T BZ2_hbMakeCodeLengths
................ T BZ2_indexIntoF
................ D BZ2_rNums
................ D bzerrorstrings_autojit_module_a67b8472f07710730b1a65a68ac67bd7
................ T check_range_min_max
                 U close
                 U connect
                 U __ctype_tolower_loc
                 U __cxa_atexit
................ D __data_start
................ W data_start
................ B deleteOutputOnInterrupt
                 U __deregister_frame
                 U dlerror
                 U dlopen
                 U dlsym
                 U dup2
                 U __errno_location
                 U execlp
                 U _exit
................ B exitValue
                 U fflush
................ B fileMetaInfo_autojit_module_2d1387ca92e7b83c7aa238c36b76c79a
................ T fopen_output_safely
................ B forceOverwrite
                 U fork
                 U fprintf
                 U fputc
                 U free
                 U fwrite
                 U getc
                 U getenv
                 U getuid
................ D incs_autojit_module_2868f90adcbf0268b9c7bff1285a8ae9
................ B inName
................ R _IO_stdin_used
................ D __jit_debug_descriptor
................ T __jit_debug_register_code
................ B keepInputFiles
                 U kill
                 U __libc_start_main
................ B __llvm_autojit_debug
................ B __llvm_autojit_debug_register
................ T __llvm_autojit_materialize
................ T __llvm_autojit_register
................ T llvm_orc_registerJITLoaderGDBAllocAction
................ T llvm_orc_registerJITLoaderGDBWrapper
................ B longestFileName
................ T main
                 U malloc
                 U memcpy
                 U memset
                 U mmap
                 U mprotect
................ B noisy
................ B numFileNames
................ B numFilesProcessed
................ B opMode
................ B outName
................ B outputHandleJustInCase
                 U perror
                 U printf
................ B progName
................ B progNameReally
                 U pthread_mutex_lock
                 U pthread_mutex_unlock
                 U pthread_once
                 U read
                 U realloc
                 U __register_frame
................ B smallMode
                 U snprintf
                 U socket
                 U socketpair
................ T sps_buffer_free
................ T sps_buffer_grow
................ T sps_buffer_init
................ T sps_read_string
................ T sps_read_uint64
................ T sps_write_skip
................ T sps_write_string
................ T sps_write_uint64
................ T sps_write_uint8
................ B srcMode
................ T _start
                 U stderr
                 U stdin
                 U stdout
                 U strcmp
                 U strerror
                 U strlen
                 U strncpy
                 U sysconf
................ B testFailsExist
................ B tmpName
................ B unzFailsExist
................ D unzSuffix
                 U usleep
................ B verbosity
                 U waitpid
................ B workFactor
                 U write
................ D zSuffix
